{"C:\\Users\\neelu\\Desktop\\Allergic Reactions\\AllergicReactions\\src\\js\\actions\\index.js": {"path":"C:\\Users\\neelu\\Desktop\\Allergic Reactions\\AllergicReactions\\src\\js\\actions\\index.js","statementMap":{"0":{"start":{"line":3,"column":25},"end":{"line":6,"column":2}},"1":{"start":{"line":3,"column":34},"end":{"line":6,"column":1}},"2":{"start":{"line":8,"column":25},"end":{"line":10,"column":1}},"3":{"start":{"line":8,"column":35},"end":{"line":10,"column":1}},"4":{"start":{"line":9,"column":2},"end":{"line":9,"column":42}}},"fnMap":{"0":{"name":"(anonymous_0)","decl":{"start":{"line":3,"column":25},"end":{"line":3,"column":26}},"loc":{"start":{"line":3,"column":34},"end":{"line":6,"column":1}},"line":3},"1":{"name":"(anonymous_1)","decl":{"start":{"line":8,"column":25},"end":{"line":8,"column":26}},"loc":{"start":{"line":8,"column":35},"end":{"line":10,"column":1}},"line":8},"2":{"name":"(anonymous_2)","decl":{"start":{"line":8,"column":35},"end":{"line":8,"column":36}},"loc":{"start":{"line":8,"column":47},"end":{"line":10,"column":1}},"line":8}},"branchMap":{},"s":{"0":2,"1":1,"2":2,"3":1,"4":1},"f":{"0":1,"1":1,"2":1},"b":{},"_coverageSchema":"332fd63041d2c1bcb487cc26dd0d5f7d97098a6c","hash":"60c5ca3cab84646e2f102e2c66a1fba62c73f15f"}
,"C:\\Users\\neelu\\Desktop\\Allergic Reactions\\AllergicReactions\\src\\js\\components\\ArForm\\index.jsx": {"path":"C:\\Users\\neelu\\Desktop\\Allergic Reactions\\AllergicReactions\\src\\js\\components\\ArForm\\index.jsx","statementMap":{"0":{"start":{"line":5,"column":22},"end":{"line":41,"column":1}},"1":{"start":{"line":6,"column":26},"end":{"line":10,"column":3}},"2":{"start":{"line":11,"column":36},"end":{"line":11,"column":61}},"3":{"start":{"line":12,"column":19},"end":{"line":12,"column":41}},"4":{"start":{"line":14,"column":22},"end":{"line":18,"column":3}},"5":{"start":{"line":15,"column":4},"end":{"line":15,"column":23}},"6":{"start":{"line":16,"column":4},"end":{"line":16,"column":24}},"7":{"start":{"line":17,"column":4},"end":{"line":17,"column":33}},"8":{"start":{"line":20,"column":24},"end":{"line":25,"column":3}},"9":{"start":{"line":21,"column":4},"end":{"line":24,"column":6}},"10":{"start":{"line":27,"column":18},"end":{"line":27,"column":108}},"11":{"start":{"line":28,"column":2},"end":{"line":40,"column":11}},"12":{"start":{"line":29,"column":112},"end":{"line":29,"column":143}},"13":{"start":{"line":30,"column":92},"end":{"line":30,"column":127}},"14":{"start":{"line":31,"column":55},"end":{"line":31,"column":83}},"15":{"start":{"line":35,"column":10},"end":{"line":35,"column":74}},"16":{"start":{"line":43,"column":27},"end":{"line":49,"column":1}},"17":{"start":{"line":44,"column":2},"end":{"line":48,"column":4}},"18":{"start":{"line":46,"column":6},"end":{"line":46,"column":32}}},"fnMap":{"0":{"name":"(anonymous_0)","decl":{"start":{"line":5,"column":22},"end":{"line":5,"column":23}},"loc":{"start":{"line":5,"column":41},"end":{"line":41,"column":1}},"line":5},"1":{"name":"(anonymous_1)","decl":{"start":{"line":14,"column":22},"end":{"line":14,"column":23}},"loc":{"start":{"line":14,"column":29},"end":{"line":18,"column":3}},"line":14},"2":{"name":"(anonymous_2)","decl":{"start":{"line":20,"column":24},"end":{"line":20,"column":25}},"loc":{"start":{"line":20,"column":36},"end":{"line":25,"column":3}},"line":20},"3":{"name":"(anonymous_3)","decl":{"start":{"line":29,"column":105},"end":{"line":29,"column":106}},"loc":{"start":{"line":29,"column":112},"end":{"line":29,"column":143}},"line":29},"4":{"name":"(anonymous_4)","decl":{"start":{"line":30,"column":85},"end":{"line":30,"column":86}},"loc":{"start":{"line":30,"column":92},"end":{"line":30,"column":127}},"line":30},"5":{"name":"(anonymous_5)","decl":{"start":{"line":31,"column":48},"end":{"line":31,"column":49}},"loc":{"start":{"line":31,"column":55},"end":{"line":31,"column":83}},"line":31},"6":{"name":"(anonymous_6)","decl":{"start":{"line":34,"column":21},"end":{"line":34,"column":22}},"loc":{"start":{"line":34,"column":31},"end":{"line":36,"column":9}},"line":34},"7":{"name":"(anonymous_7)","decl":{"start":{"line":43,"column":27},"end":{"line":43,"column":28}},"loc":{"start":{"line":43,"column":39},"end":{"line":49,"column":1}},"line":43},"8":{"name":"(anonymous_8)","decl":{"start":{"line":45,"column":15},"end":{"line":45,"column":16}},"loc":{"start":{"line":45,"column":23},"end":{"line":47,"column":5}},"line":45}},"branchMap":{"0":{"loc":{"start":{"line":27,"column":18},"end":{"line":27,"column":108}},"type":"binary-expr","locations":[{"start":{"line":27,"column":18},"end":{"line":27,"column":45}},{"start":{"line":27,"column":49},"end":{"line":27,"column":80}},{"start":{"line":27,"column":84},"end":{"line":27,"column":108}}],"line":27}},"s":{"0":1,"1":7,"2":7,"3":7,"4":7,"5":1,"6":1,"7":1,"8":7,"9":3,"10":7,"11":7,"12":1,"13":1,"14":1,"15":70,"16":1,"17":0,"18":0},"f":{"0":7,"1":1,"2":3,"3":1,"4":1,"5":1,"6":70,"7":0,"8":0},"b":{"0":[7,3,2]},"_coverageSchema":"332fd63041d2c1bcb487cc26dd0d5f7d97098a6c","hash":"99476a418dfedf513fc000502d2375a9da29f99a"}
,"C:\\Users\\neelu\\Desktop\\Allergic Reactions\\AllergicReactions\\src\\js\\components\\ArTable\\index.jsx": {"path":"C:\\Users\\neelu\\Desktop\\Allergic Reactions\\AllergicReactions\\src\\js\\components\\ArTable\\index.jsx","statementMap":{"0":{"start":{"line":4,"column":23},"end":{"line":69,"column":1}},"1":{"start":{"line":5,"column":42},"end":{"line":8,"column":4}},"2":{"start":{"line":10,"column":28},"end":{"line":15,"column":3}},"3":{"start":{"line":11,"column":4},"end":{"line":14,"column":7}},"4":{"start":{"line":17,"column":25},"end":{"line":22,"column":3}},"5":{"start":{"line":18,"column":4},"end":{"line":21,"column":7}},"6":{"start":{"line":24,"column":20},"end":{"line":24,"column":27}},"7":{"start":{"line":25,"column":22},"end":{"line":25,"column":24}},"8":{"start":{"line":26,"column":2},"end":{"line":28,"column":5}},"9":{"start":{"line":27,"column":4},"end":{"line":27,"column":138}},"10":{"start":{"line":30,"column":2},"end":{"line":68,"column":4}},"11":{"start":{"line":35,"column":32},"end":{"line":35,"column":57}},"12":{"start":{"line":36,"column":23},"end":{"line":36,"column":71}},"13":{"start":{"line":37,"column":12},"end":{"line":63,"column":30}},"14":{"start":{"line":38,"column":49},"end":{"line":38,"column":96}},"15":{"start":{"line":45,"column":60},"end":{"line":45,"column":76}},"16":{"start":{"line":49,"column":24},"end":{"line":51,"column":25}},"17":{"start":{"line":50,"column":26},"end":{"line":50,"column":63}},"18":{"start":{"line":52,"column":24},"end":{"line":52,"column":61}},"19":{"start":{"line":54,"column":24},"end":{"line":57,"column":30}},"20":{"start":{"line":71,"column":24},"end":{"line":73,"column":2}},"21":{"start":{"line":71,"column":34},"end":{"line":73,"column":1}}},"fnMap":{"0":{"name":"(anonymous_0)","decl":{"start":{"line":4,"column":23},"end":{"line":4,"column":24}},"loc":{"start":{"line":4,"column":53},"end":{"line":69,"column":1}},"line":4},"1":{"name":"(anonymous_1)","decl":{"start":{"line":10,"column":28},"end":{"line":10,"column":29}},"loc":{"start":{"line":10,"column":39},"end":{"line":15,"column":3}},"line":10},"2":{"name":"(anonymous_2)","decl":{"start":{"line":17,"column":25},"end":{"line":17,"column":26}},"loc":{"start":{"line":17,"column":31},"end":{"line":22,"column":3}},"line":17},"3":{"name":"(anonymous_3)","decl":{"start":{"line":26,"column":20},"end":{"line":26,"column":21}},"loc":{"start":{"line":26,"column":34},"end":{"line":28,"column":3}},"line":26},"4":{"name":"(anonymous_4)","decl":{"start":{"line":34,"column":39},"end":{"line":34,"column":40}},"loc":{"start":{"line":34,"column":60},"end":{"line":64,"column":11}},"line":34},"5":{"name":"(anonymous_5)","decl":{"start":{"line":38,"column":44},"end":{"line":38,"column":45}},"loc":{"start":{"line":38,"column":49},"end":{"line":38,"column":96}},"line":38},"6":{"name":"(anonymous_6)","decl":{"start":{"line":45,"column":55},"end":{"line":45,"column":56}},"loc":{"start":{"line":45,"column":60},"end":{"line":45,"column":76}},"line":45},"7":{"name":"(anonymous_7)","decl":{"start":{"line":48,"column":49},"end":{"line":48,"column":50}},"loc":{"start":{"line":48,"column":65},"end":{"line":53,"column":23}},"line":48},"8":{"name":"(anonymous_8)","decl":{"start":{"line":53,"column":29},"end":{"line":53,"column":30}},"loc":{"start":{"line":53,"column":47},"end":{"line":58,"column":23}},"line":53},"9":{"name":"(anonymous_9)","decl":{"start":{"line":71,"column":24},"end":{"line":71,"column":25}},"loc":{"start":{"line":71,"column":34},"end":{"line":73,"column":1}},"line":71}},"branchMap":{"0":{"loc":{"start":{"line":27,"column":40},"end":{"line":27,"column":137}},"type":"cond-expr","locations":[{"start":{"line":27,"column":76},"end":{"line":27,"column":124}},{"start":{"line":27,"column":127},"end":{"line":27,"column":137}}],"line":27},"1":{"loc":{"start":{"line":36,"column":23},"end":{"line":36,"column":71}},"type":"cond-expr","locations":[{"start":{"line":36,"column":39},"end":{"line":36,"column":52}},{"start":{"line":36,"column":55},"end":{"line":36,"column":71}}],"line":36},"2":{"loc":{"start":{"line":38,"column":67},"end":{"line":38,"column":95}},"type":"cond-expr","locations":[{"start":{"line":38,"column":83},"end":{"line":38,"column":87}},{"start":{"line":38,"column":90},"end":{"line":38,"column":95}}],"line":38},"3":{"loc":{"start":{"line":40,"column":15},"end":{"line":62,"column":19}},"type":"binary-expr","locations":[{"start":{"line":40,"column":15},"end":{"line":40,"column":28}},{"start":{"line":40,"column":32},"end":{"line":62,"column":19}}],"line":40},"4":{"loc":{"start":{"line":49,"column":24},"end":{"line":51,"column":25}},"type":"if","locations":[{"start":{"line":49,"column":24},"end":{"line":51,"column":25}},{"start":{"line":49,"column":24},"end":{"line":51,"column":25}}],"line":49}},"s":{"0":1,"1":5,"2":5,"3":1,"4":5,"5":1,"6":5,"7":5,"8":5,"9":10,"10":5,"11":5,"12":5,"13":5,"14":1,"15":1,"16":3,"17":1,"18":2,"19":6,"20":1,"21":0},"f":{"0":5,"1":1,"2":1,"3":10,"4":5,"5":1,"6":1,"7":3,"8":6,"9":0},"b":{"0":[5,5],"1":[3,2],"2":[0,1],"3":[5,3],"4":[1,2]},"_coverageSchema":"332fd63041d2c1bcb487cc26dd0d5f7d97098a6c","hash":"cc07780959e981ab2277a801c8a9d8f2e8900e14"}
,"C:\\Users\\neelu\\Desktop\\Allergic Reactions\\AllergicReactions\\src\\js\\reducers\\index.js": {"path":"C:\\Users\\neelu\\Desktop\\Allergic Reactions\\AllergicReactions\\src\\js\\reducers\\index.js","statementMap":{"0":{"start":{"line":4,"column":19},"end":{"line":6,"column":2}}},"fnMap":{},"branchMap":{},"s":{"0":1},"f":{},"b":{},"_coverageSchema":"332fd63041d2c1bcb487cc26dd0d5f7d97098a6c","hash":"0eb66dbcccb440a940d056556171f861acb1f59a"}
,"C:\\Users\\neelu\\Desktop\\Allergic Reactions\\AllergicReactions\\src\\js\\reducers\\reactionsReducer.js": {"path":"C:\\Users\\neelu\\Desktop\\Allergic Reactions\\AllergicReactions\\src\\js\\reducers\\reactionsReducer.js","statementMap":{"0":{"start":{"line":1,"column":28},"end":{"line":1,"column":42}},"1":{"start":{"line":3,"column":21},"end":{"line":15,"column":1}},"2":{"start":{"line":18,"column":2},"end":{"line":26,"column":3}},"3":{"start":{"line":20,"column":6},"end":{"line":23,"column":8}},"4":{"start":{"line":25,"column":6},"end":{"line":25,"column":18}}},"fnMap":{"0":{"name":"reactionsReducer","decl":{"start":{"line":17,"column":9},"end":{"line":17,"column":25}},"loc":{"start":{"line":17,"column":56},"end":{"line":27,"column":1}},"line":17}},"branchMap":{"0":{"loc":{"start":{"line":17,"column":26},"end":{"line":17,"column":46}},"type":"default-arg","locations":[{"start":{"line":17,"column":34},"end":{"line":17,"column":46}}],"line":17},"1":{"loc":{"start":{"line":18,"column":2},"end":{"line":26,"column":3}},"type":"switch","locations":[{"start":{"line":19,"column":4},"end":{"line":23,"column":8}},{"start":{"line":24,"column":4},"end":{"line":25,"column":18}}],"line":18}},"s":{"0":3,"1":3,"2":4,"3":1,"4":3},"f":{"0":4},"b":{"0":[4],"1":[1,3]},"_coverageSchema":"332fd63041d2c1bcb487cc26dd0d5f7d97098a6c","hash":"ecf48662f8a74fcc2b71b32e157d34daa7d1fc8a"}
}
